<?xml version="1.0" encoding="utf-8"?><testsuites name="pytest tests"><testsuite name="pytest" errors="0" failures="0" skipped="0" tests="33" time="12.262" timestamp="2026-05-29T21:45:53.466805+00:00" hostname="agent-env-50e08b50-37c9-4ea5-9edf-8c4fe5f38944"><testcase classname="tests.test_ghostel_api.TestAuth" name="test_health" time="2.251" /><testcase classname="tests.test_ghostel_api.TestAuth" name="test_login_admin_success" time="0.359" /><testcase classname="tests.test_ghostel_api.TestAuth" name="test_login_wrong_password" time="0.327" /><testcase classname="tests.test_ghostel_api.TestAuth" name="test_login_unknown_email" time="0.149" /><testcase classname="tests.test_ghostel_api.TestAuth" name="test_register_creates_user" time="0.476" /><testcase classname="tests.test_ghostel_api.TestAuth" name="test_register_duplicate_email_rejected" time="0.106" /><testcase classname="tests.test_ghostel_api.TestAuth" name="test_me_without_token" time="0.145" /><testcase classname="tests.test_ghostel_api.TestAuth" name="test_me_invalid_token" time="0.127" /><testcase classname="tests.test_ghostel_api.TestDashboard" name="test_dashboard_admin" time="0.479" /><testcase classname="tests.test_ghostel_api.TestDashboard" name="test_dashboard_requires_auth" time="0.097" /><testcase classname="tests.test_ghostel_api.TestDashboard" name="test_dashboard_forbidden_for_user" time="0.438" /><testcase classname="tests.test_ghostel_api.TestAdminUsers" name="test_list_users" time="0.114" /><testcase classname="tests.test_ghostel_api.TestAdminUsers" name="test_search_users" time="0.119" /><testcase classname="tests.test_ghostel_api.TestAdminUsers" name="test_list_users_forbidden" time="0.103" /><testcase classname="tests.test_ghostel_api.TestAdminUsers" name="test_update_and_delete_user_flow" time="0.791" /><testcase classname="tests.test_ghostel_api.TestAdminUsers" name="test_cannot_delete_self" time="3.313" /><testcase classname="tests.test_ghostel_api.TestAdminGroups" name="test_groups_crud" time="0.558" /><testcase classname="tests.test_ghostel_api.TestAdminGroups" name="test_groups_forbidden" time="0.139" /><testcase classname="tests.test_ghostel_api.TestReports" name="test_list_reports" time="0.124" /><testcase classname="tests.test_ghostel_api.TestReports" name="test_report_action" time="0.230" /><testcase classname="tests.test_ghostel_api.TestReports" name="test_report_invalid_action" time="0.233" /><testcase classname="tests.test_ghostel_api.TestNotifications" name="test_list_notifications" time="0.099" /><testcase classname="tests.test_ghostel_api.TestNotifications" name="test_send_notification_all" time="0.123" /><testcase classname="tests.test_ghostel_api.TestSettings" name="test_get_settings" time="0.108" /><testcase classname="tests.test_ghostel_api.TestSettings" name="test_patch_settings_persists" time="0.216" /><testcase classname="tests.test_ghostel_api.TestCSVExport" name="test_export_with_bearer[users]" time="0.104" /><testcase classname="tests.test_ghostel_api.TestCSVExport" name="test_export_with_bearer[groups]" time="0.106" /><testcase classname="tests.test_ghostel_api.TestCSVExport" name="test_export_with_bearer[reports]" time="0.113" /><testcase classname="tests.test_ghostel_api.TestCSVExport" name="test_export_with_bearer[activity]" time="0.124" /><testcase classname="tests.test_ghostel_api.TestCSVExport" name="test_export_with_query_token" time="0.107" /><testcase classname="tests.test_ghostel_api.TestCSVExport" name="test_export_unknown_kind" time="0.107" /><testcase classname="tests.test_ghostel_api.TestCSVExport" name="test_export_unauthorized" time="0.106" /><testcase classname="tests.test_ghostel_api.TestCSVExport" name="test_export_forbidden_for_user" time="0.094" /></testsuite></testsuites>